[2023-05-14T17:55:37.760+0000] {taskinstance.py:1084} INFO - Dependencies all met for dep_context=non-requeueable deps ti=<TaskInstance: get_todays_gamesv2.call_games manual__2023-05-14T17:55:34.144636+00:00 [queued]>
[2023-05-14T17:55:37.772+0000] {taskinstance.py:1084} INFO - Dependencies all met for dep_context=requeueable deps ti=<TaskInstance: get_todays_gamesv2.call_games manual__2023-05-14T17:55:34.144636+00:00 [queued]>
[2023-05-14T17:55:37.772+0000] {taskinstance.py:1282} INFO - 
--------------------------------------------------------------------------------
[2023-05-14T17:55:37.773+0000] {taskinstance.py:1283} INFO - Starting attempt 1 of 1
[2023-05-14T17:55:37.773+0000] {taskinstance.py:1284} INFO - 
--------------------------------------------------------------------------------
[2023-05-14T17:55:37.791+0000] {taskinstance.py:1303} INFO - Executing <Task(PythonOperator): call_games> on 2023-05-14 17:55:34.144636+00:00
[2023-05-14T17:55:37.797+0000] {standard_task_runner.py:55} INFO - Started process 2951 to run task
[2023-05-14T17:55:37.801+0000] {standard_task_runner.py:82} INFO - Running: ['***', 'tasks', 'run', 'get_todays_gamesv2', 'call_games', 'manual__2023-05-14T17:55:34.144636+00:00', '--job-id', '1422', '--raw', '--subdir', 'DAGS_FOLDER/todays_gamesv2.py', '--cfg-path', '/tmp/tmpcku9qgvn']
[2023-05-14T17:55:37.802+0000] {standard_task_runner.py:83} INFO - Job 1422: Subtask call_games
[2023-05-14T17:55:37.879+0000] {task_command.py:388} INFO - Running <TaskInstance: get_todays_gamesv2.call_games manual__2023-05-14T17:55:34.144636+00:00 [running]> on host f7ab54451666
[2023-05-14T17:55:37.970+0000] {taskinstance.py:1511} INFO - Exporting the following env vars:
AIRFLOW_CTX_DAG_OWNER=***
AIRFLOW_CTX_DAG_ID=get_todays_gamesv2
AIRFLOW_CTX_TASK_ID=call_games
AIRFLOW_CTX_EXECUTION_DATE=2023-05-14T17:55:34.144636+00:00
AIRFLOW_CTX_TRY_NUMBER=1
AIRFLOW_CTX_DAG_RUN_ID=manual__2023-05-14T17:55:34.144636+00:00
[2023-05-14T17:55:38.251+0000] {taskinstance.py:1775} ERROR - Task failed with exception
Traceback (most recent call last):
  File "/home/airflow/.local/lib/python3.7/site-packages/airflow/operators/python.py", line 175, in execute
    return_value = self.execute_callable()
  File "/home/airflow/.local/lib/python3.7/site-packages/airflow/operators/python.py", line 192, in execute_callable
    return self.python_callable(*self.op_args, **self.op_kwargs)
  File "/opt/airflow/dags/todays_gamesv2.py", line 43, in _call_games
    game_time = transform_time(games_dict['game_date_time'])
KeyError: 'game_date_time'
[2023-05-14T17:55:38.261+0000] {taskinstance.py:1326} INFO - Marking task as FAILED. dag_id=get_todays_gamesv2, task_id=call_games, execution_date=20230514T175534, start_date=20230514T175537, end_date=20230514T175538
[2023-05-14T17:55:38.277+0000] {standard_task_runner.py:105} ERROR - Failed to execute job 1422 for task call_games ('game_date_time'; 2951)
[2023-05-14T17:55:38.298+0000] {local_task_job.py:212} INFO - Task exited with return code 1
[2023-05-14T17:55:38.336+0000] {taskinstance.py:2585} INFO - 0 downstream tasks scheduled from follow-on schedule check
