[2023-05-23T23:49:31.561+0000] {taskinstance.py:1084} INFO - Dependencies all met for dep_context=non-requeueable deps ti=<TaskInstance: get_todays_gamesv3.scrape_prob_task manual__2023-05-23T23:49:21.889383+00:00 [queued]>
[2023-05-23T23:49:31.577+0000] {taskinstance.py:1084} INFO - Dependencies all met for dep_context=requeueable deps ti=<TaskInstance: get_todays_gamesv3.scrape_prob_task manual__2023-05-23T23:49:21.889383+00:00 [queued]>
[2023-05-23T23:49:31.578+0000] {taskinstance.py:1282} INFO - 
--------------------------------------------------------------------------------
[2023-05-23T23:49:31.579+0000] {taskinstance.py:1283} INFO - Starting attempt 1 of 1
[2023-05-23T23:49:31.579+0000] {taskinstance.py:1284} INFO - 
--------------------------------------------------------------------------------
[2023-05-23T23:49:31.611+0000] {taskinstance.py:1303} INFO - Executing <Task(PythonOperator): scrape_prob_task> on 2023-05-23 23:49:21.889383+00:00
[2023-05-23T23:49:31.633+0000] {standard_task_runner.py:55} INFO - Started process 1221 to run task
[2023-05-23T23:49:31.637+0000] {standard_task_runner.py:82} INFO - Running: ['***', 'tasks', 'run', 'get_todays_gamesv3', 'scrape_prob_task', 'manual__2023-05-23T23:49:21.889383+00:00', '--job-id', '627', '--raw', '--subdir', 'DAGS_FOLDER/todays_gamesv3.py', '--cfg-path', '/tmp/tmpicyc3x2q']
[2023-05-23T23:49:31.638+0000] {standard_task_runner.py:83} INFO - Job 627: Subtask scrape_prob_task
[2023-05-23T23:49:31.733+0000] {task_command.py:388} INFO - Running <TaskInstance: get_todays_gamesv3.scrape_prob_task manual__2023-05-23T23:49:21.889383+00:00 [running]> on host b03c83f459ca
[2023-05-23T23:49:31.856+0000] {taskinstance.py:1511} INFO - Exporting the following env vars:
AIRFLOW_CTX_DAG_OWNER=***
AIRFLOW_CTX_DAG_ID=get_todays_gamesv3
AIRFLOW_CTX_TASK_ID=scrape_prob_task
AIRFLOW_CTX_EXECUTION_DATE=2023-05-23T23:49:21.889383+00:00
AIRFLOW_CTX_TRY_NUMBER=1
AIRFLOW_CTX_DAG_RUN_ID=manual__2023-05-23T23:49:21.889383+00:00
[2023-05-23T23:49:31.859+0000] {taskinstance.py:1775} ERROR - Task failed with exception
Traceback (most recent call last):
  File "/home/airflow/.local/lib/python3.7/site-packages/airflow/operators/python.py", line 175, in execute
    return_value = self.execute_callable()
  File "/home/airflow/.local/lib/python3.7/site-packages/airflow/operators/python.py", line 192, in execute_callable
    return self.python_callable(*self.op_args, **self.op_kwargs)
  File "/opt/airflow/dags/functions/_scrape_prob.py", line 36, in _scrape_prob
    win_prob = scrapeProb(short_team_name, dt.datetime.now().year).scrape_prob()
  File "/opt/airflow/dags/functions/_scrape_prob.py", line 16, in scrape_prob
    page = requests.get(url)
NameError: name 'requests' is not defined
[2023-05-23T23:49:31.871+0000] {taskinstance.py:1326} INFO - Marking task as FAILED. dag_id=get_todays_gamesv3, task_id=scrape_prob_task, execution_date=20230523T234921, start_date=20230523T234931, end_date=20230523T234931
[2023-05-23T23:49:31.898+0000] {standard_task_runner.py:105} ERROR - Failed to execute job 627 for task scrape_prob_task (name 'requests' is not defined; 1221)
[2023-05-23T23:49:31.932+0000] {local_task_job.py:212} INFO - Task exited with return code 1
[2023-05-23T23:49:31.982+0000] {taskinstance.py:2585} INFO - 0 downstream tasks scheduled from follow-on schedule check
