[2023-04-03T02:34:22.585+0000] {taskinstance.py:1084} INFO - Dependencies all met for dep_context=non-requeueable deps ti=<TaskInstance: get_todays_gamesv4.exec_insert_query_task manual__2023-04-03T02:34:07.789005+00:00 [queued]>
[2023-04-03T02:34:22.596+0000] {taskinstance.py:1084} INFO - Dependencies all met for dep_context=requeueable deps ti=<TaskInstance: get_todays_gamesv4.exec_insert_query_task manual__2023-04-03T02:34:07.789005+00:00 [queued]>
[2023-04-03T02:34:22.596+0000] {taskinstance.py:1282} INFO - 
--------------------------------------------------------------------------------
[2023-04-03T02:34:22.596+0000] {taskinstance.py:1283} INFO - Starting attempt 1 of 1
[2023-04-03T02:34:22.596+0000] {taskinstance.py:1284} INFO - 
--------------------------------------------------------------------------------
[2023-04-03T02:34:22.614+0000] {taskinstance.py:1303} INFO - Executing <Task(PostgresOperator): exec_insert_query_task> on 2023-04-03 02:34:07.789005+00:00
[2023-04-03T02:34:22.620+0000] {standard_task_runner.py:55} INFO - Started process 1301 to run task
[2023-04-03T02:34:22.626+0000] {standard_task_runner.py:82} INFO - Running: ['***', 'tasks', 'run', 'get_todays_gamesv4', 'exec_insert_query_task', 'manual__2023-04-03T02:34:07.789005+00:00', '--job-id', '139', '--raw', '--subdir', 'DAGS_FOLDER/todays_games.py', '--cfg-path', '/tmp/tmpoz0h5shq']
[2023-04-03T02:34:22.627+0000] {standard_task_runner.py:83} INFO - Job 139: Subtask exec_insert_query_task
[2023-04-03T02:34:22.697+0000] {task_command.py:388} INFO - Running <TaskInstance: get_todays_gamesv4.exec_insert_query_task manual__2023-04-03T02:34:07.789005+00:00 [running]> on host bb4d827b1601
[2023-04-03T02:34:22.732+0000] {abstractoperator.py:615} ERROR - Exception rendering Jinja template for task 'exec_insert_query_task', field 'sql'. Template: '{{ ti.xcom_pull(key=insert_statements) }}'
Traceback (most recent call last):
  File "/home/airflow/.local/lib/python3.7/site-packages/airflow/models/abstractoperator.py", line 607, in _do_render_template_fields
    seen_oids,
  File "/home/airflow/.local/lib/python3.7/site-packages/airflow/models/abstractoperator.py", line 665, in render_template
    return render_template_to_string(template, context)
  File "/home/airflow/.local/lib/python3.7/site-packages/airflow/utils/helpers.py", line 288, in render_template_to_string
    return render_template(template, cast(MutableMapping[str, Any], context), native=False)
  File "/home/airflow/.local/lib/python3.7/site-packages/airflow/utils/helpers.py", line 283, in render_template
    return "".join(nodes)
  File "<template>", line 13, in root
  File "/home/airflow/.local/lib/python3.7/site-packages/jinja2/sandbox.py", line 393, in call
    return __context.call(__obj, *args, **kwargs)
  File "/home/airflow/.local/lib/python3.7/site-packages/jinja2/runtime.py", line 298, in call
    return __obj(*args, **kwargs)
  File "/home/airflow/.local/lib/python3.7/site-packages/airflow/utils/session.py", line 75, in wrapper
    return func(*args, session=session, **kwargs)
  File "/home/airflow/.local/lib/python3.7/site-packages/airflow/models/taskinstance.py", line 2359, in xcom_pull
    session=session,
  File "/home/airflow/.local/lib/python3.7/site-packages/airflow/utils/session.py", line 72, in wrapper
    return func(*args, **kwargs)
  File "/home/airflow/.local/lib/python3.7/site-packages/airflow/models/xcom.py", line 487, in get_many
    if key:
  File "/home/airflow/.local/lib/python3.7/site-packages/jinja2/runtime.py", line 852, in _fail_with_undefined_error
    raise self._undefined_exception(self._undefined_message)
jinja2.exceptions.UndefinedError: 'insert_statements' is undefined
[2023-04-03T02:34:22.735+0000] {taskinstance.py:1775} ERROR - Task failed with exception
Traceback (most recent call last):
  File "/home/airflow/.local/lib/python3.7/site-packages/airflow/models/taskinstance.py", line 1377, in _run_raw_task
    self._execute_task_with_callbacks(context, test_mode)
  File "/home/airflow/.local/lib/python3.7/site-packages/airflow/models/taskinstance.py", line 1495, in _execute_task_with_callbacks
    task_orig = self.render_templates(context=context)
  File "/home/airflow/.local/lib/python3.7/site-packages/airflow/models/taskinstance.py", line 2122, in render_templates
    original_task.render_template_fields(context)
  File "/home/airflow/.local/lib/python3.7/site-packages/airflow/models/baseoperator.py", line 1179, in render_template_fields
    self._do_render_template_fields(self, self.template_fields, context, jinja_env, set())
  File "/home/airflow/.local/lib/python3.7/site-packages/airflow/utils/session.py", line 75, in wrapper
    return func(*args, session=session, **kwargs)
  File "/home/airflow/.local/lib/python3.7/site-packages/airflow/models/abstractoperator.py", line 607, in _do_render_template_fields
    seen_oids,
  File "/home/airflow/.local/lib/python3.7/site-packages/airflow/models/abstractoperator.py", line 665, in render_template
    return render_template_to_string(template, context)
  File "/home/airflow/.local/lib/python3.7/site-packages/airflow/utils/helpers.py", line 288, in render_template_to_string
    return render_template(template, cast(MutableMapping[str, Any], context), native=False)
  File "/home/airflow/.local/lib/python3.7/site-packages/airflow/utils/helpers.py", line 283, in render_template
    return "".join(nodes)
  File "<template>", line 13, in root
  File "/home/airflow/.local/lib/python3.7/site-packages/jinja2/sandbox.py", line 393, in call
    return __context.call(__obj, *args, **kwargs)
  File "/home/airflow/.local/lib/python3.7/site-packages/jinja2/runtime.py", line 298, in call
    return __obj(*args, **kwargs)
  File "/home/airflow/.local/lib/python3.7/site-packages/airflow/utils/session.py", line 75, in wrapper
    return func(*args, session=session, **kwargs)
  File "/home/airflow/.local/lib/python3.7/site-packages/airflow/models/taskinstance.py", line 2359, in xcom_pull
    session=session,
  File "/home/airflow/.local/lib/python3.7/site-packages/airflow/utils/session.py", line 72, in wrapper
    return func(*args, **kwargs)
  File "/home/airflow/.local/lib/python3.7/site-packages/airflow/models/xcom.py", line 487, in get_many
    if key:
  File "/home/airflow/.local/lib/python3.7/site-packages/jinja2/runtime.py", line 852, in _fail_with_undefined_error
    raise self._undefined_exception(self._undefined_message)
jinja2.exceptions.UndefinedError: 'insert_statements' is undefined
[2023-04-03T02:34:22.743+0000] {taskinstance.py:1326} INFO - Marking task as FAILED. dag_id=get_todays_gamesv4, task_id=exec_insert_query_task, execution_date=20230403T023407, start_date=20230403T023422, end_date=20230403T023422
[2023-04-03T02:34:22.757+0000] {standard_task_runner.py:105} ERROR - Failed to execute job 139 for task exec_insert_query_task ('insert_statements' is undefined; 1301)
[2023-04-03T02:34:22.801+0000] {local_task_job.py:212} INFO - Task exited with return code 1
[2023-04-03T02:34:22.833+0000] {taskinstance.py:2585} INFO - 0 downstream tasks scheduled from follow-on schedule check
