[2023-05-15T23:30:15.993+0000] {taskinstance.py:1084} INFO - Dependencies all met for dep_context=non-requeueable deps ti=<TaskInstance: get_todays_gamesv2.check_game_today_task manual__2023-05-15T23:30:10.148724+00:00 [queued]>
[2023-05-15T23:30:16.003+0000] {taskinstance.py:1084} INFO - Dependencies all met for dep_context=requeueable deps ti=<TaskInstance: get_todays_gamesv2.check_game_today_task manual__2023-05-15T23:30:10.148724+00:00 [queued]>
[2023-05-15T23:30:16.003+0000] {taskinstance.py:1282} INFO - 
--------------------------------------------------------------------------------
[2023-05-15T23:30:16.003+0000] {taskinstance.py:1283} INFO - Starting attempt 1 of 1
[2023-05-15T23:30:16.003+0000] {taskinstance.py:1284} INFO - 
--------------------------------------------------------------------------------
[2023-05-15T23:30:16.019+0000] {taskinstance.py:1303} INFO - Executing <Task(BranchPythonOperator): check_game_today_task> on 2023-05-15 23:30:10.148724+00:00
[2023-05-15T23:30:16.027+0000] {standard_task_runner.py:55} INFO - Started process 996 to run task
[2023-05-15T23:30:16.032+0000] {standard_task_runner.py:82} INFO - Running: ['***', 'tasks', 'run', 'get_todays_gamesv2', 'check_game_today_task', 'manual__2023-05-15T23:30:10.148724+00:00', '--job-id', '1630', '--raw', '--subdir', 'DAGS_FOLDER/todays_gamesv2.py', '--cfg-path', '/tmp/tmpw0kptmke']
[2023-05-15T23:30:16.033+0000] {standard_task_runner.py:83} INFO - Job 1630: Subtask check_game_today_task
[2023-05-15T23:30:16.104+0000] {task_command.py:388} INFO - Running <TaskInstance: get_todays_gamesv2.check_game_today_task manual__2023-05-15T23:30:10.148724+00:00 [running]> on host 79f30fa538b6
[2023-05-15T23:30:16.197+0000] {taskinstance.py:1511} INFO - Exporting the following env vars:
AIRFLOW_CTX_DAG_OWNER=***
AIRFLOW_CTX_DAG_ID=get_todays_gamesv2
AIRFLOW_CTX_TASK_ID=check_game_today_task
AIRFLOW_CTX_EXECUTION_DATE=2023-05-15T23:30:10.148724+00:00
AIRFLOW_CTX_TRY_NUMBER=1
AIRFLOW_CTX_DAG_RUN_ID=manual__2023-05-15T23:30:10.148724+00:00
[2023-05-15T23:30:16.199+0000] {taskinstance.py:1775} ERROR - Task failed with exception
Traceback (most recent call last):
  File "/home/airflow/.local/lib/python3.7/site-packages/airflow/operators/python.py", line 210, in execute
    branch = super().execute(context)
  File "/home/airflow/.local/lib/python3.7/site-packages/airflow/operators/python.py", line 175, in execute
    return_value = self.execute_callable()
  File "/home/airflow/.local/lib/python3.7/site-packages/airflow/operators/python.py", line 192, in execute_callable
    return self.python_callable(*self.op_args, **self.op_kwargs)
  File "/opt/airflow/dags/todays_gamesv2.py", line 85, in _check_game_today
    today_date = {{ ds }}
NameError: name 'ds' is not defined
[2023-05-15T23:30:16.210+0000] {taskinstance.py:1326} INFO - Marking task as FAILED. dag_id=get_todays_gamesv2, task_id=check_game_today_task, execution_date=20230515T233010, start_date=20230515T233015, end_date=20230515T233016
[2023-05-15T23:30:16.223+0000] {standard_task_runner.py:105} ERROR - Failed to execute job 1630 for task check_game_today_task (name 'ds' is not defined; 996)
[2023-05-15T23:30:16.242+0000] {local_task_job.py:212} INFO - Task exited with return code 1
[2023-05-15T23:30:16.301+0000] {taskinstance.py:2585} INFO - 0 downstream tasks scheduled from follow-on schedule check
