[2023-05-21T21:36:45.529+0000] {taskinstance.py:1084} INFO - Dependencies all met for dep_context=non-requeueable deps ti=<TaskInstance: get_todays_gamesv3.scrape_prob_task manual__2023-05-21T21:36:35.078575+00:00 [queued]>
[2023-05-21T21:36:45.566+0000] {taskinstance.py:1084} INFO - Dependencies all met for dep_context=requeueable deps ti=<TaskInstance: get_todays_gamesv3.scrape_prob_task manual__2023-05-21T21:36:35.078575+00:00 [queued]>
[2023-05-21T21:36:45.567+0000] {taskinstance.py:1282} INFO - 
--------------------------------------------------------------------------------
[2023-05-21T21:36:45.571+0000] {taskinstance.py:1283} INFO - Starting attempt 1 of 1
[2023-05-21T21:36:45.571+0000] {taskinstance.py:1284} INFO - 
--------------------------------------------------------------------------------
[2023-05-21T21:36:45.633+0000] {taskinstance.py:1303} INFO - Executing <Task(PythonOperator): scrape_prob_task> on 2023-05-21 21:36:35.078575+00:00
[2023-05-21T21:36:45.659+0000] {standard_task_runner.py:82} INFO - Running: ['***', 'tasks', 'run', 'get_todays_gamesv3', 'scrape_prob_task', 'manual__2023-05-21T21:36:35.078575+00:00', '--job-id', '191', '--raw', '--subdir', 'DAGS_FOLDER/todays_gamesv3.py', '--cfg-path', '/tmp/tmpapykjetj']
[2023-05-21T21:36:45.660+0000] {standard_task_runner.py:83} INFO - Job 191: Subtask scrape_prob_task
[2023-05-21T21:36:45.648+0000] {standard_task_runner.py:55} INFO - Started process 638 to run task
[2023-05-21T21:36:45.806+0000] {task_command.py:388} INFO - Running <TaskInstance: get_todays_gamesv3.scrape_prob_task manual__2023-05-21T21:36:35.078575+00:00 [running]> on host b03c83f459ca
[2023-05-21T21:36:46.036+0000] {taskinstance.py:1511} INFO - Exporting the following env vars:
AIRFLOW_CTX_DAG_OWNER=***
AIRFLOW_CTX_DAG_ID=get_todays_gamesv3
AIRFLOW_CTX_TASK_ID=scrape_prob_task
AIRFLOW_CTX_EXECUTION_DATE=2023-05-21T21:36:35.078575+00:00
AIRFLOW_CTX_TRY_NUMBER=1
AIRFLOW_CTX_DAG_RUN_ID=manual__2023-05-21T21:36:35.078575+00:00
[2023-05-21T21:36:46.037+0000] {taskinstance.py:1775} ERROR - Task failed with exception
Traceback (most recent call last):
  File "/home/airflow/.local/lib/python3.7/site-packages/airflow/operators/python.py", line 175, in execute
    return_value = self.execute_callable()
  File "/home/airflow/.local/lib/python3.7/site-packages/airflow/operators/python.py", line 192, in execute_callable
    return self.python_callable(*self.op_args, **self.op_kwargs)
  File "/opt/airflow/dags/functions/_scrape_prob.py", line 4, in _scrape_prob
    win_prob = scrapeProb('NYY', dt.datetime.now().year).scrape_prob()
NameError: name 'dt' is not defined
[2023-05-21T21:36:46.063+0000] {taskinstance.py:1326} INFO - Marking task as FAILED. dag_id=get_todays_gamesv3, task_id=scrape_prob_task, execution_date=20230521T213635, start_date=20230521T213645, end_date=20230521T213646
[2023-05-21T21:36:46.095+0000] {standard_task_runner.py:105} ERROR - Failed to execute job 191 for task scrape_prob_task (name 'dt' is not defined; 638)
[2023-05-21T21:36:46.129+0000] {local_task_job.py:212} INFO - Task exited with return code 1
[2023-05-21T21:36:46.187+0000] {taskinstance.py:2585} INFO - 0 downstream tasks scheduled from follow-on schedule check
