[2023-04-03T02:00:42.702+0000] {taskinstance.py:1084} INFO - Dependencies all met for dep_context=non-requeueable deps ti=<TaskInstance: get_todays_gamesv4.write_games_s3 manual__2023-04-03T02:00:40.004312+00:00 [queued]>
[2023-04-03T02:00:42.731+0000] {taskinstance.py:1084} INFO - Dependencies all met for dep_context=requeueable deps ti=<TaskInstance: get_todays_gamesv4.write_games_s3 manual__2023-04-03T02:00:40.004312+00:00 [queued]>
[2023-04-03T02:00:42.733+0000] {taskinstance.py:1282} INFO - 
--------------------------------------------------------------------------------
[2023-04-03T02:00:42.733+0000] {taskinstance.py:1283} INFO - Starting attempt 1 of 1
[2023-04-03T02:00:42.736+0000] {taskinstance.py:1284} INFO - 
--------------------------------------------------------------------------------
[2023-04-03T02:00:42.763+0000] {taskinstance.py:1303} INFO - Executing <Task(PythonOperator): write_games_s3> on 2023-04-03 02:00:40.004312+00:00
[2023-04-03T02:00:42.773+0000] {standard_task_runner.py:55} INFO - Started process 535 to run task
[2023-04-03T02:00:42.791+0000] {standard_task_runner.py:82} INFO - Running: ['***', 'tasks', 'run', 'get_todays_gamesv4', 'write_games_s3', 'manual__2023-04-03T02:00:40.004312+00:00', '--job-id', '73', '--raw', '--subdir', 'DAGS_FOLDER/todays_games.py', '--cfg-path', '/tmp/tmpwykvfjf2']
[2023-04-03T02:00:42.792+0000] {standard_task_runner.py:83} INFO - Job 73: Subtask write_games_s3
[2023-04-03T02:00:42.891+0000] {task_command.py:388} INFO - Running <TaskInstance: get_todays_gamesv4.write_games_s3 manual__2023-04-03T02:00:40.004312+00:00 [running]> on host bb4d827b1601
[2023-04-03T02:00:43.030+0000] {taskinstance.py:1511} INFO - Exporting the following env vars:
AIRFLOW_CTX_DAG_OWNER=***
AIRFLOW_CTX_DAG_ID=get_todays_gamesv4
AIRFLOW_CTX_TASK_ID=write_games_s3
AIRFLOW_CTX_EXECUTION_DATE=2023-04-03T02:00:40.004312+00:00
AIRFLOW_CTX_TRY_NUMBER=1
AIRFLOW_CTX_DAG_RUN_ID=manual__2023-04-03T02:00:40.004312+00:00
[2023-04-03T02:00:43.051+0000] {taskinstance.py:1775} ERROR - Task failed with exception
Traceback (most recent call last):
  File "/home/airflow/.local/lib/python3.7/site-packages/airflow/operators/python.py", line 175, in execute
    return_value = self.execute_callable()
  File "/home/airflow/.local/lib/python3.7/site-packages/airflow/operators/python.py", line 192, in execute_callable
    return self.python_callable(*self.op_args, **self.op_kwargs)
  File "/opt/airflow/dags/todays_games.py", line 48, in write_games
    for k,v in games_data.items():
AttributeError: 'NoneType' object has no attribute 'items'
[2023-04-03T02:00:43.063+0000] {taskinstance.py:1326} INFO - Marking task as FAILED. dag_id=get_todays_gamesv4, task_id=write_games_s3, execution_date=20230403T020040, start_date=20230403T020042, end_date=20230403T020043
[2023-04-03T02:00:43.095+0000] {standard_task_runner.py:105} ERROR - Failed to execute job 73 for task write_games_s3 ('NoneType' object has no attribute 'items'; 535)
[2023-04-03T02:00:43.117+0000] {local_task_job.py:212} INFO - Task exited with return code 1
[2023-04-03T02:00:43.163+0000] {taskinstance.py:2585} INFO - 0 downstream tasks scheduled from follow-on schedule check
