[2023-05-20T15:33:06.728+0000] {taskinstance.py:1084} INFO - Dependencies all met for dep_context=non-requeueable deps ti=<TaskInstance: get_todays_gamesv2.call_games manual__2023-05-20T15:33:04.038216+00:00 [queued]>
[2023-05-20T15:33:06.742+0000] {taskinstance.py:1084} INFO - Dependencies all met for dep_context=requeueable deps ti=<TaskInstance: get_todays_gamesv2.call_games manual__2023-05-20T15:33:04.038216+00:00 [queued]>
[2023-05-20T15:33:06.742+0000] {taskinstance.py:1282} INFO - 
--------------------------------------------------------------------------------
[2023-05-20T15:33:06.743+0000] {taskinstance.py:1283} INFO - Starting attempt 1 of 1
[2023-05-20T15:33:06.743+0000] {taskinstance.py:1284} INFO - 
--------------------------------------------------------------------------------
[2023-05-20T15:33:06.763+0000] {taskinstance.py:1303} INFO - Executing <Task(PythonOperator): call_games> on 2023-05-20 15:33:04.038216+00:00
[2023-05-20T15:33:06.769+0000] {standard_task_runner.py:55} INFO - Started process 253 to run task
[2023-05-20T15:33:06.772+0000] {standard_task_runner.py:82} INFO - Running: ['***', 'tasks', 'run', 'get_todays_gamesv2', 'call_games', 'manual__2023-05-20T15:33:04.038216+00:00', '--job-id', '107', '--raw', '--subdir', 'DAGS_FOLDER/todays_gamesv2.py', '--cfg-path', '/tmp/tmp8vkfc08b']
[2023-05-20T15:33:06.773+0000] {standard_task_runner.py:83} INFO - Job 107: Subtask call_games
[2023-05-20T15:33:06.843+0000] {task_command.py:388} INFO - Running <TaskInstance: get_todays_gamesv2.call_games manual__2023-05-20T15:33:04.038216+00:00 [running]> on host 2e718862c733
[2023-05-20T15:33:06.924+0000] {taskinstance.py:1511} INFO - Exporting the following env vars:
AIRFLOW_CTX_DAG_OWNER=***
AIRFLOW_CTX_DAG_ID=get_todays_gamesv2
AIRFLOW_CTX_TASK_ID=call_games
AIRFLOW_CTX_EXECUTION_DATE=2023-05-20T15:33:04.038216+00:00
AIRFLOW_CTX_TRY_NUMBER=1
AIRFLOW_CTX_DAG_RUN_ID=manual__2023-05-20T15:33:04.038216+00:00
[2023-05-20T15:33:06.928+0000] {taskinstance.py:1775} ERROR - Task failed with exception
Traceback (most recent call last):
  File "/home/airflow/.local/lib/python3.7/site-packages/airflow/operators/python.py", line 175, in execute
    return_value = self.execute_callable()
  File "/home/airflow/.local/lib/python3.7/site-packages/airflow/operators/python.py", line 192, in execute_callable
    return self.python_callable(*self.op_args, **self.op_kwargs)
  File "/opt/airflow/dags/todays_gamesv2.py", line 34, in _call_games
    date_call = start_date
NameError: name 'start_date' is not defined
[2023-05-20T15:33:06.936+0000] {taskinstance.py:1326} INFO - Marking task as FAILED. dag_id=get_todays_gamesv2, task_id=call_games, execution_date=20230520T153304, start_date=20230520T153306, end_date=20230520T153306
[2023-05-20T15:33:06.951+0000] {standard_task_runner.py:105} ERROR - Failed to execute job 107 for task call_games (name 'start_date' is not defined; 253)
[2023-05-20T15:33:06.984+0000] {local_task_job.py:212} INFO - Task exited with return code 1
[2023-05-20T15:33:07.029+0000] {taskinstance.py:2585} INFO - 0 downstream tasks scheduled from follow-on schedule check
